0 info it worked if it ends with ok
1 verbose cli [ 'node', '/usr/local/bin/npm', 'update', '-g', 'bower' ]
2 info using npm@2.5.1
3 info using node@v0.12.1
4 silly mapToRegistry name bower
5 silly mapToRegistry using default registry
6 silly mapToRegistry registry https://registry.npmjs.org/
7 silly mapToRegistry uri https://registry.npmjs.org/bower
8 verbose request uri https://registry.npmjs.org/bower
9 verbose request no auth needed
10 info attempt registry request try #1 at 2:41:06 PM
11 verbose request id 535de0007735ea57
12 verbose etag "4EF5V5LXTEJ7ORMBDZ0ONCMPA"
13 http request GET https://registry.npmjs.org/bower
14 http 304 https://registry.npmjs.org/bower
15 silly get cb [ 304,
15 silly get   { date: 'Fri, 24 Jul 2015 19:41:06 GMT',
15 silly get     via: '1.1 varnish',
15 silly get     'cache-control': 'max-age=60',
15 silly get     etag: '"4EF5V5LXTEJ7ORMBDZ0ONCMPA"',
15 silly get     age: '51',
15 silly get     connection: 'keep-alive',
15 silly get     'x-served-by': 'cache-dfw1833-DFW',
15 silly get     'x-cache': 'HIT',
15 silly get     'x-cache-hits': '3',
15 silly get     'x-timer': 'S1437766866.534402,VS0,VE0',
15 silly get     vary: 'Accept' } ]
16 verbose etag https://registry.npmjs.org/bower from cache
17 verbose get saving bower to /Users/shaanamin/.npm/registry.npmjs.org/bower/.cache.json
18 silly mapToRegistry name bower
19 silly mapToRegistry using default registry
20 silly mapToRegistry registry https://registry.npmjs.org/
21 silly mapToRegistry uri https://registry.npmjs.org/bower
22 verbose get https://registry.npmjs.org/bower not expired, no request
23 info outdated updating [ [ '/usr/local/lib', 'bower', '1.3.12', '1.4.1', '1.4.1', 'latest' ],
23 info outdated   [ '/usr/local/lib/node_modules/foundation-cli',
23 info outdated     'bower',
23 info outdated     '1.3.12',
23 info outdated     '1.4.1',
23 info outdated     '1.4.1',
23 info outdated     '^1.3.12' ] ]
24 verbose install where, what [ '/usr/local/lib', [ 'bower@1.4.1' ] ]
25 verbose install where, what [ '/usr/local/lib/node_modules/foundation-cli',
25 verbose install   [ 'bower@1.4.1' ] ]
26 silly cache add args [ 'bower@1.4.1', null ]
27 verbose cache add spec bower@1.4.1
28 silly cache add parsed spec { raw: 'bower@1.4.1',
28 silly cache add   scope: null,
28 silly cache add   name: 'bower',
28 silly cache add   rawSpec: '1.4.1',
28 silly cache add   spec: '1.4.1',
28 silly cache add   type: 'version' }
29 verbose addNamed bower@1.4.1
30 silly addNamed semver.valid 1.4.1
31 silly addNamed semver.validRange 1.4.1
32 silly mapToRegistry name bower
33 silly mapToRegistry using default registry
34 silly mapToRegistry registry https://registry.npmjs.org/
35 silly mapToRegistry uri https://registry.npmjs.org/bower
36 verbose addNameVersion registry:https://registry.npmjs.org/bower not in flight; fetching
37 silly cache add args [ 'bower@1.4.1', null ]
38 verbose cache add spec bower@1.4.1
39 silly cache add parsed spec { raw: 'bower@1.4.1',
39 silly cache add   scope: null,
39 silly cache add   name: 'bower',
39 silly cache add   rawSpec: '1.4.1',
39 silly cache add   spec: '1.4.1',
39 silly cache add   type: 'version' }
40 verbose addNamed bower@1.4.1
41 silly addNamed semver.valid 1.4.1
42 silly addNamed semver.validRange 1.4.1
43 silly mapToRegistry name bower
44 silly mapToRegistry using default registry
45 silly mapToRegistry registry https://registry.npmjs.org/
46 silly mapToRegistry uri https://registry.npmjs.org/bower
47 verbose addNameVersion registry:https://registry.npmjs.org/bower already in flight; waiting
48 verbose get https://registry.npmjs.org/bower not expired, no request
49 silly cache afterAdd bower@1.4.1
50 verbose afterAdd /Users/shaanamin/.npm/bower/1.4.1/package/package.json not in flight; writing
51 silly cache afterAdd bower@1.4.1
52 verbose afterAdd /Users/shaanamin/.npm/bower/1.4.1/package/package.json already in flight; not writing
53 verbose afterAdd /Users/shaanamin/.npm/bower/1.4.1/package/package.json written
54 silly install resolved [ { name: 'bower',
54 silly install resolved     version: '1.4.1',
54 silly install resolved     description: 'The browser package manager',
54 silly install resolved     author: { name: 'Twitter' },
54 silly install resolved     licenses: [ [Object] ],
54 silly install resolved     repository: { type: 'git', url: 'https://github.com/bower/bower' },
54 silly install resolved     main: 'lib',
54 silly install resolved     homepage: 'http://bower.io',
54 silly install resolved     engines: { node: '>=0.10.0' },
54 silly install resolved     dependencies:
54 silly install resolved      { abbrev: '^1.0.5',
54 silly install resolved        archy: '1.0.0',
54 silly install resolved        'bower-config': '^0.6.1',
54 silly install resolved        'bower-endpoint-parser': '^0.2.2',
54 silly install resolved        'bower-json': '^0.4.0',
54 silly install resolved        'bower-logger': '^0.2.2',
54 silly install resolved        'bower-registry-client': '^0.3.0',
54 silly install resolved        cardinal: '0.4.4',
54 silly install resolved        chalk: '^1.0.0',
54 silly install resolved        chmodr: '0.1.0',
54 silly install resolved        configstore: '^0.3.2',
54 silly install resolved        'decompress-zip': '^0.1.0',
54 silly install resolved        fstream: '^1.0.3',
54 silly install resolved        'fstream-ignore': '^1.0.2',
54 silly install resolved        github: '^0.2.3',
54 silly install resolved        glob: '^4.3.2',
54 silly install resolved        'graceful-fs': '^3.0.5',
54 silly install resolved        handlebars: '^2.0.0',
54 silly install resolved        inquirer: '0.8.0',
54 silly install resolved        insight: '^0.5.0',
54 silly install resolved        'is-root': '^1.0.0',
54 silly install resolved        junk: '^1.0.0',
54 silly install resolved        lockfile: '^1.0.0',
54 silly install resolved        'lru-cache': '^2.5.0',
54 silly install resolved        mkdirp: '0.5.0',
54 silly install resolved        mout: '^0.11.0',
54 silly install resolved        nopt: '^3.0.1',
54 silly install resolved        opn: '^1.0.1',
54 silly install resolved        'p-throttler': '0.1.1',
54 silly install resolved        promptly: '0.2.0',
54 silly install resolved        q: '^1.1.2',
54 silly install resolved        request: '2.53.0',
54 silly install resolved        'request-progress': '0.3.1',
54 silly install resolved        retry: '0.6.1',
54 silly install resolved        rimraf: '^2.2.8',
54 silly install resolved        semver: '^2.3.0',
54 silly install resolved        'shell-quote': '^1.4.2',
54 silly install resolved        'stringify-object': '^1.0.0',
54 silly install resolved        'tar-fs': '^1.4.1',
54 silly install resolved        tmp: '0.0.24',
54 silly install resolved        'update-notifier': '^0.3.0',
54 silly install resolved        'user-home': '^1.1.0',
54 silly install resolved        which: '^1.0.8' },
54 silly install resolved     devDependencies:
54 silly install resolved      { chai: '^1.10.0',
54 silly install resolved        coveralls: '^2.11.2',
54 silly install resolved        'expect.js': '^0.3.1',
54 silly install resolved        grunt: '^0.4.5',
54 silly install resolved        'grunt-cli': '^0.1.13',
54 silly install resolved        'grunt-contrib-jshint': '^0.10.0',
54 silly install resolved        'grunt-contrib-watch': '^0.6.1',
54 silly install resolved        'grunt-exec': '^0.4.6',
54 silly install resolved        'grunt-simple-mocha': '^0.4.0',
54 silly install resolved        istanbul: '^0.3.5',
54 silly install resolved        'load-grunt-tasks': '^2.0.0',
54 silly install resolved        mocha: '^2.1.0',
54 silly install resolved        multiline: '^1.0.2',
54 silly install resolved        nock: '^0.56.0',
54 silly install resolved        'node-uuid': '^1.4.2',
54 silly install resolved        proxyquire: '^1.3.0',
54 silly install resolved        'spawn-sync': '^1.0.5' },
54 silly install resolved     scripts: { test: 'grunt test' },
54 silly install resolved     bin: { bower: 'bin/bower' },
54 silly install resolved     preferGlobal: true,
54 silly install resolved     gitHead: 'a1287416d40f944d58cb8f2e774e2076bfffd32f',
54 silly install resolved     bugs: { url: 'https://github.com/bower/bower/issues' },
54 silly install resolved     _id: 'bower@1.4.1',
54 silly install resolved     _shasum: 'a18be39d030792754f30f1c5b32d37b0156ba8dd',
54 silly install resolved     _from: 'bower@1.4.1',
54 silly install resolved     _npmVersion: '2.7.4',
54 silly install resolved     _nodeVersion: '0.12.0',
54 silly install resolved     _npmUser: { name: 'sheerun', email: 'sheerun@sher.pl' },
54 silly install resolved     maintainers: [ [Object], [Object], [Object], [Object], [Object], [Object] ],
54 silly install resolved     dist:
54 silly install resolved      { shasum: 'a18be39d030792754f30f1c5b32d37b0156ba8dd',
54 silly install resolved        tarball: 'http://registry.npmjs.org/bower/-/bower-1.4.1.tgz' },
54 silly install resolved     directories: {},
54 silly install resolved     _resolved: 'https://registry.npmjs.org/bower/-/bower-1.4.1.tgz',
54 silly install resolved     readme: 'ERROR: No README data found!' } ]
55 info install bower@1.4.1 into /usr/local/lib/node_modules/foundation-cli
56 info installOne bower@1.4.1
57 verbose installOne of bower to /usr/local/lib/node_modules/foundation-cli not in flight; installing
58 silly install resolved [ { name: 'bower',
58 silly install resolved     version: '1.4.1',
58 silly install resolved     description: 'The browser package manager',
58 silly install resolved     author: { name: 'Twitter' },
58 silly install resolved     licenses: [ [Object] ],
58 silly install resolved     repository: { type: 'git', url: 'https://github.com/bower/bower' },
58 silly install resolved     main: 'lib',
58 silly install resolved     homepage: 'http://bower.io',
58 silly install resolved     engines: { node: '>=0.10.0' },
58 silly install resolved     dependencies:
58 silly install resolved      { abbrev: '^1.0.5',
58 silly install resolved        archy: '1.0.0',
58 silly install resolved        'bower-config': '^0.6.1',
58 silly install resolved        'bower-endpoint-parser': '^0.2.2',
58 silly install resolved        'bower-json': '^0.4.0',
58 silly install resolved        'bower-logger': '^0.2.2',
58 silly install resolved        'bower-registry-client': '^0.3.0',
58 silly install resolved        cardinal: '0.4.4',
58 silly install resolved        chalk: '^1.0.0',
58 silly install resolved        chmodr: '0.1.0',
58 silly install resolved        configstore: '^0.3.2',
58 silly install resolved        'decompress-zip': '^0.1.0',
58 silly install resolved        fstream: '^1.0.3',
58 silly install resolved        'fstream-ignore': '^1.0.2',
58 silly install resolved        github: '^0.2.3',
58 silly install resolved        glob: '^4.3.2',
58 silly install resolved        'graceful-fs': '^3.0.5',
58 silly install resolved        handlebars: '^2.0.0',
58 silly install resolved        inquirer: '0.8.0',
58 silly install resolved        insight: '^0.5.0',
58 silly install resolved        'is-root': '^1.0.0',
58 silly install resolved        junk: '^1.0.0',
58 silly install resolved        lockfile: '^1.0.0',
58 silly install resolved        'lru-cache': '^2.5.0',
58 silly install resolved        mkdirp: '0.5.0',
58 silly install resolved        mout: '^0.11.0',
58 silly install resolved        nopt: '^3.0.1',
58 silly install resolved        opn: '^1.0.1',
58 silly install resolved        'p-throttler': '0.1.1',
58 silly install resolved        promptly: '0.2.0',
58 silly install resolved        q: '^1.1.2',
58 silly install resolved        request: '2.53.0',
58 silly install resolved        'request-progress': '0.3.1',
58 silly install resolved        retry: '0.6.1',
58 silly install resolved        rimraf: '^2.2.8',
58 silly install resolved        semver: '^2.3.0',
58 silly install resolved        'shell-quote': '^1.4.2',
58 silly install resolved        'stringify-object': '^1.0.0',
58 silly install resolved        'tar-fs': '^1.4.1',
58 silly install resolved        tmp: '0.0.24',
58 silly install resolved        'update-notifier': '^0.3.0',
58 silly install resolved        'user-home': '^1.1.0',
58 silly install resolved        which: '^1.0.8' },
58 silly install resolved     devDependencies:
58 silly install resolved      { chai: '^1.10.0',
58 silly install resolved        coveralls: '^2.11.2',
58 silly install resolved        'expect.js': '^0.3.1',
58 silly install resolved        grunt: '^0.4.5',
58 silly install resolved        'grunt-cli': '^0.1.13',
58 silly install resolved        'grunt-contrib-jshint': '^0.10.0',
58 silly install resolved        'grunt-contrib-watch': '^0.6.1',
58 silly install resolved        'grunt-exec': '^0.4.6',
58 silly install resolved        'grunt-simple-mocha': '^0.4.0',
58 silly install resolved        istanbul: '^0.3.5',
58 silly install resolved        'load-grunt-tasks': '^2.0.0',
58 silly install resolved        mocha: '^2.1.0',
58 silly install resolved        multiline: '^1.0.2',
58 silly install resolved        nock: '^0.56.0',
58 silly install resolved        'node-uuid': '^1.4.2',
58 silly install resolved        proxyquire: '^1.3.0',
58 silly install resolved        'spawn-sync': '^1.0.5' },
58 silly install resolved     scripts: { test: 'grunt test' },
58 silly install resolved     bin: { bower: 'bin/bower' },
58 silly install resolved     preferGlobal: true,
58 silly install resolved     gitHead: 'a1287416d40f944d58cb8f2e774e2076bfffd32f',
58 silly install resolved     bugs: { url: 'https://github.com/bower/bower/issues' },
58 silly install resolved     _id: 'bower@1.4.1',
58 silly install resolved     _shasum: 'a18be39d030792754f30f1c5b32d37b0156ba8dd',
58 silly install resolved     _from: 'bower@1.4.1',
58 silly install resolved     _npmVersion: '2.7.4',
58 silly install resolved     _nodeVersion: '0.12.0',
58 silly install resolved     _npmUser: { name: 'sheerun', email: 'sheerun@sher.pl' },
58 silly install resolved     maintainers: [ [Object], [Object], [Object], [Object], [Object], [Object] ],
58 silly install resolved     dist:
58 silly install resolved      { shasum: 'a18be39d030792754f30f1c5b32d37b0156ba8dd',
58 silly install resolved        tarball: 'http://registry.npmjs.org/bower/-/bower-1.4.1.tgz' },
58 silly install resolved     directories: {},
58 silly install resolved     _resolved: 'https://registry.npmjs.org/bower/-/bower-1.4.1.tgz',
58 silly install resolved     readme: 'ERROR: No README data found!' } ]
59 info install bower@1.4.1 into /usr/local/lib
60 info installOne bower@1.4.1
61 verbose installOne of bower to /usr/local/lib not in flight; installing
62 verbose lock using /Users/shaanamin/.npm/_locks/bower-535bda3367576315.lock for /usr/local/lib/node_modules/foundation-cli/node_modules/bower
63 verbose lock using /Users/shaanamin/.npm/_locks/bower-e8debc5417026b57.lock for /usr/local/lib/node_modules/bower
64 silly install write writing bower 1.4.1 to /usr/local/lib/node_modules/foundation-cli/node_modules/bower
65 silly cache addNamed cb bower@1.4.1
66 verbose unbuild lib/node_modules/foundation-cli/node_modules/bower
67 silly install write writing bower 1.4.1 to /usr/local/lib/node_modules/bower
68 silly cache addNamed cb bower@1.4.1
69 verbose unbuild lib/node_modules/bower
70 verbose gentlyRm vacuuming /usr/local/lib/node_modules/foundation-cli/node_modules/bower
71 verbose tar unpack /Users/shaanamin/.npm/bower/1.4.1/package.tgz
72 verbose tar unpacking to /usr/local/lib/node_modules/foundation-cli/node_modules/bower
73 verbose gentlyRm vacuuming /usr/local/lib/node_modules/foundation-cli/node_modules/bower
74 silly gunzTarPerm modes [ '755', '644' ]
75 info preuninstall bower@1.3.12
76 info uninstall bower@1.3.12
77 verbose unbuild rmStuff bower@1.3.12 from /usr/local/lib/node_modules
78 verbose gentlyRm verifying that /usr/local is managed by npm
79 silly isManaged /usr/local is not inside /usr/local/lib/node_modules
80 silly isManaged /usr/local is not inside /usr/local/lib/node_modules
81 error tar.unpack untar error /Users/shaanamin/.npm/bower/1.4.1/package.tgz
82 silly isManaged /usr/local/bin is inside /usr/local
83 silly gentlyRm /usr/local is managed by npm
84 silly gentlyRm /usr/local/bin/bower is under /usr/local
85 verbose gentlyRm vacuuming /usr/local/bin/bower up to /usr/local
86 verbose unlock done using /Users/shaanamin/.npm/_locks/bower-535bda3367576315.lock for /usr/local/lib/node_modules/foundation-cli/node_modules/bower
87 silly gentlyRm removing /usr/local/bin/bower
88 verbose unlock done using /Users/shaanamin/.npm/_locks/bower-e8debc5417026b57.lock for /usr/local/lib/node_modules/bower
89 verbose fstream_path /usr/local/lib/node_modules/foundation-cli/node_modules/bower
90 verbose fstream_type Directory
91 verbose fstream_class DirWriter
92 verbose stack Error: EACCES, mkdir '/usr/local/lib/node_modules/foundation-cli/node_modules/bower'
92 verbose stack     at Error (native)
93 verbose fstream_stack /usr/local/lib/node_modules/npm/node_modules/fstream/lib/dir-writer.js:36:23
93 verbose fstream_stack /usr/local/lib/node_modules/npm/node_modules/mkdirp/index.js:46:53
93 verbose fstream_stack FSReqWrap.oncomplete (fs.js:99:15)
94 verbose cwd /Users/shaanamin/Sites/weddings-at-iowa
95 error Darwin 14.3.0
96 error argv "node" "/usr/local/bin/npm" "update" "-g" "bower"
97 error node v0.12.1
98 error npm  v2.5.1
99 error path /usr/local/lib/node_modules/foundation-cli/node_modules/bower
100 error code EACCES
101 error errno -13
102 error Error: EACCES, mkdir '/usr/local/lib/node_modules/foundation-cli/node_modules/bower'
102 error     at Error (native)
102 error  { [Error: EACCES, mkdir '/usr/local/lib/node_modules/foundation-cli/node_modules/bower']
102 error   errno: -13,
102 error   code: 'EACCES',
102 error   path: '/usr/local/lib/node_modules/foundation-cli/node_modules/bower',
102 error   fstream_type: 'Directory',
102 error   fstream_path: '/usr/local/lib/node_modules/foundation-cli/node_modules/bower',
102 error   fstream_class: 'DirWriter',
102 error   fstream_stack:
102 error    [ '/usr/local/lib/node_modules/npm/node_modules/fstream/lib/dir-writer.js:36:23',
102 error      '/usr/local/lib/node_modules/npm/node_modules/mkdirp/index.js:46:53',
102 error      'FSReqWrap.oncomplete (fs.js:99:15)' ] }
103 error Please try running this command again as root/Administrator.
104 verbose exit [ -13, true ]
105 verbose unbuild lib/node_modules/foundation-cli/node_modules/bower
106 verbose gentlyRm vacuuming /usr/local/lib/node_modules/foundation-cli/node_modules/bower
107 verbose unbuild lib/node_modules/bower
108 info preuninstall bower@1.3.12
109 info uninstall bower@1.3.12
110 verbose unbuild rmStuff bower@1.3.12 from /usr/local/lib/node_modules
111 verbose gentlyRm verifying that /usr/local is managed by npm
112 silly isManaged /usr/local is not inside /usr/local/lib/node_modules
113 silly isManaged /usr/local is not inside /usr/local/lib/node_modules
114 silly isManaged /usr/local is not inside /usr/local/bin
115 silly isManaged /usr/local is inside /usr/local
116 silly gentlyRm /usr/local is managed by npm
117 silly gentlyRm /usr/local/bin/bower is under /usr/local
118 verbose gentlyRm vacuuming /usr/local/bin/bower up to /usr/local
119 silly gentlyRm removing /usr/local/bin/bower
120 error error rolling back Error: EACCES, unlink '/usr/local/bin/bower'
120 error error rolling back     at Error (native)
120 error error rolling back  { [Error: EACCES, unlink '/usr/local/bin/bower'] errno: -13, code: 'EACCES', path: '/usr/local/bin/bower' }
